July 31 00:06:21 mycomputername kernel[96041]: WARN Failed to start network connection
July 31 00:09:53 mycomputername updater[46711]: WARN Computer needs to be turned off and on again
July 31 00:12:36 mycomputername kernel[48462]: INFO Successfully connected
July 31 00:13:52 mycomputername updater[43530]: ERROR Error running Python2.exe: Segmentation Fault (core dumped)
July 31 00:16:13 mycomputername NetworkManager[63902]: WARN Failed to start application install
July 31 00:26:45 mycomputername CRON[83063]: INFO I'm sorry Dave. I'm afraid I can't do that
July 31 00:27:56 mycomputername cacheclient[75746]: WARN PC Load Letter
July 31 00:33:31 mycomputername system[25588]: ERROR Out of yellow ink, specifically, even though you want grayscale
July 31 00:36:55 mycomputername updater[73786]: WARN Packet loss
July 31 00:37:38 mycomputername dhcpclient[87602]: INFO Googling the answer
July 31 00:37:48 mycomputername utility[21449]: ERROR The cake is a lie!
July 31 00:44:50 mycomputername kernel[63793]: ERROR Failed process [13966]
July 31 00:45:23 mycomputername cacheclient[55644]: ERROR Unable to download more RAM
July 31 00:51:23 mycomputername cacheclient[85917]: ERROR Failed process [13966]
July 31 01:06:51 mycomputername cacheclient[47853]: WARN Computer needs to be turned off and on again
July 31 01:07:17 mycomputername system[78132]: INFO Packets sent successfully
July 31 01:19:34 mycomputername CRON[94028]: WARN Failed to start network connection
July 31 01:24:05 mycomputername utility[14905]: INFO Healthy resource usage
July 31 01:29:04 mycomputername kernel[57436]: INFO Generating Logs
July 31 01:36:27 mycomputername process[81163]: ERROR Unable to download more RAM
July 31 01:40:38 mycomputername kernel[35287]: ERROR ID: 10t
July 31 01:42:02 mycomputername jam_tag=psim[27947]: INFO I'm sorry Dave. I'm afraid I can't do that
July 31 01:42:28 mycomputername kernel[16004]: WARN Computer needs to be turned off and on again
July 31 01:45:14 mycomputername cacheclient[28721]: INFO Googling the answer
July 31 02:01:20 mycomputername NetworkManager[55118]: ERROR Unable to perform package upgrade
July 31 02:12:54 mycomputername kernel[30641]: WARN Low on memory
July 31 02:23:37 mycomputername utility[37367]: INFO Starting sync
July 31 02:25:52 mycomputername system[41921]: WARN Failed to start CPU thread[39016]
July 31 02:34:37 mycomputername kernel[32280]: INFO Loading...
July 31 02:36:44 mycomputername NetworkManager[90289]: WARN Failed to start CPU thread[39016]
July 31 02:39:01 mycomputername CRON[89330]: ERROR Unable to perform package upgrade
July 31 02:45:39 mycomputername utility[57387]: INFO Access permitted
July 31 02:58:44 mycomputername process[44707]: WARN Computer needs to be turned off and on again
July 31 02:59:35 mycomputername system[55024]: WARN Packet loss
July 31 03:09:30 mycomputername kernel[40705]: ERROR The cake is a lie!
July 31 03:23:16 mycomputername cacheclient[57185]: INFO Checking process [16121]
July 31 03:26:56 mycomputername cacheclient[90154]: INFO Healthy resource usage
July 31 03:28:52 mycomputername CRON[55441]: INFO Loading...
July 31 03:29:34 mycomputername dhcpclient[69232]: ERROR Unable to download more RAM
